Arguments: 
  C:\Program Files\nodejs\node.exe C:\Program Files (x86)\Yarn\bin\yarn.js add @kinde-oss/kinde-auth-nextjs

PATH: 
  C:\Python312\Scripts\;C:\Python312\;C:\Program Files (x86)\Common Files\Oracle\Java\javapath;C:\WINDOWS\system32;C:\WINDOWS;C:\WINDOWS\System32\Wbem;C:\WINDOWS\System32\WindowsPowerShell\v1.0\;C:\WINDOWS\System32\OpenSSH\;C:\MinGW\bin;C:\Users\hp\Downloads\eclipse-jee-2022-09-R-win32-x86_64\eclipse\plugins\org.eclipse.justj.openjdk.hotspot.jre.full.win32.x86_64_17.0.4.v20220903-1038\jre\bin;C:\Program Files (x86)\Java\jre1.8.0_361\bin;C:\Program Files\Git\cmd;C:\Program Files (x86)\Yarn\bin\;C:\ProgramData\chocolatey\bin;C:\Program Files\nodejs;C:\Program Files\MySQL\MySQL Shell 8.0\bin\;C:\Users\hp\AppData\Local\Programs\Python\Python39\Scripts\;C:\Users\hp\AppData\Local\Programs\Python\Python39\;C:\Users\hp\AppData\Local\Microsoft\WindowsApps;C:\Users\hp\AppData\Local\Programs\Microsoft VS Code\bin;C:\Program Files\JetBrains\IntelliJ IDEA Community Edition 2021.3\bin;;C:\Program Files (x86)\Java\jre1.8.0_351\bin;C:\Program Files\Git\bin;C:\Program Files (x86)\Yarn\bin;C:\Users\hp\AppData\Roaming\npm;C:\Program Files\nodejs;

Yarn version: 
  1.22.19

Node version: 
  20.10.0

Platform: 
  win32 x64

Trace: 
  Error: EPERM: operation not permitted, unlink 'C:\Users\hp\OneDrive\Desktop\Projects\NextjsReact\Doctor-Appointment-Booking-Web-Nextjs-main\node_modules\@next\swc-win32-x64-msvc\next-swc.win32-x64-msvc.node'

npm manifest: 
  {
    "name": "doctor-appointment-booking-web-app",
    "version": "0.1.0",
    "private": true,
    "scripts": {
      "dev": "next dev",
      "build": "next build",
      "start": "next start",
      "lint": "next lint",
      "email": "email dev"
    },
    "dependencies": {
      "@kinde-oss/kinde-auth-nextjs": "^2.3.1",
      "@radix-ui/react-alert-dialog": "^1.0.5",
      "@radix-ui/react-dialog": "^1.0.5",
      "@radix-ui/react-popover": "^1.0.7",
      "@radix-ui/react-slot": "^1.0.2",
      "@radix-ui/react-tabs": "^1.0.4",
      "@react-email/components": "0.0.14",
      "axios": "^1.6.8",
      "class-variance-authority": "^0.7.0",
      "clsx": "^2.1.0",
      "cmdk": "^0.2.1",
      "lucide-react": "^0.330.0",
      "moment": "^2.30.1",
      "next": "14.1.0",
      "next-themes": "^0.2.1",
      "react": "^18",
      "react-day-picker": "^8.10.0",
      "react-dom": "^18",
      "react-email": "2.0.0",
      "resend": "^3.2.0",
      "sonner": "^1.4.0",
      "tailwind-merge": "^2.2.1",
      "tailwindcss-animate": "^1.0.7"
    },
    "devDependencies": {
      "autoprefixer": "^10.0.1",
      "postcss": "^8",
      "tailwindcss": "^3.3.0"
    }
  }

yarn manifest: 
  No manifest

Lockfile: 
  No lockfile
